2026-03-11 12:07:20,881 - FileSystemWatcher - INFO - Starting FileSystemWatcher
2026-03-11 12:07:20,882 - FileSystemWatcher - INFO - Vault path: AI_Employee_Vault
2026-03-11 12:07:20,882 - FileSystemWatcher - INFO - Check interval: 5s
2026-03-11 12:11:40,941 - FileSystemWatcher - INFO - Found 1 new item(s)
2026-03-11 12:11:40,944 - FileSystemWatcher - INFO - Created action file: FILE_20260311_121140_test.txt.md
2026-03-11 12:11:45,949 - FileSystemWatcher - INFO - Found 1 new item(s)
2026-03-11 12:11:45,952 - FileSystemWatcher - INFO - Created action file: FILE_20260311_121145_test.txt.md
2026-03-11 12:11:50,955 - FileSystemWatcher - INFO - Found 1 new item(s)
2026-03-11 12:11:50,957 - FileSystemWatcher - INFO - Created action file: FILE_20260311_121150_test.txt.md
2026-03-11 12:11:55,967 - FileSystemWatcher - INFO - Found 1 new item(s)
2026-03-11 12:11:55,970 - FileSystemWatcher - INFO - Created action file: FILE_20260311_121155_test.txt.md
2026-03-11 12:12:00,974 - FileSystemWatcher - INFO - Found 1 new item(s)
2026-03-11 12:12:00,983 - FileSystemWatcher - INFO - Created action file: FILE_20260311_121200_test.txt.md
2026-03-11 12:12:05,986 - FileSystemWatcher - INFO - Found 1 new item(s)
2026-03-11 12:12:05,988 - FileSystemWatcher - INFO - Created action file: FILE_20260311_121205_test.txt.md
2026-03-11 12:12:10,992 - FileSystemWatcher - INFO - Found 1 new item(s)
2026-03-11 12:12:10,995 - FileSystemWatcher - INFO - Created action file: FILE_20260311_121210_test.txt.md
2026-03-11 12:12:16,000 - FileSystemWatcher - INFO - Found 1 new item(s)
2026-03-11 12:12:16,004 - FileSystemWatcher - INFO - Created action file: FILE_20260311_121216_test.txt.md
2026-03-11 12:12:21,014 - FileSystemWatcher - INFO - Found 1 new item(s)
2026-03-11 12:12:21,024 - FileSystemWatcher - INFO - Created action file: FILE_20260311_121221_test.txt.md
2026-03-11 12:12:26,027 - FileSystemWatcher - INFO - Found 1 new item(s)
2026-03-11 12:12:26,029 - FileSystemWatcher - INFO - Created action file: FILE_20260311_121226_test.txt.md
2026-03-11 12:12:31,034 - FileSystemWatcher - INFO - Found 1 new item(s)
2026-03-11 12:12:31,037 - FileSystemWatcher - INFO - Created action file: FILE_20260311_121231_test.txt.md
2026-03-11 12:12:36,048 - FileSystemWatcher - INFO - Found 1 new item(s)
2026-03-11 12:12:36,054 - FileSystemWatcher - INFO - Created action file: FILE_20260311_121236_test.txt.md
2026-03-11 12:12:41,064 - FileSystemWatcher - INFO - Found 1 new item(s)
2026-03-11 12:12:41,069 - FileSystemWatcher - INFO - Created action file: FILE_20260311_121241_test.txt.md
2026-03-11 12:12:46,073 - FileSystemWatcher - INFO - Found 1 new item(s)
2026-03-11 12:12:46,076 - FileSystemWatcher - INFO - Created action file: FILE_20260311_121246_test.txt.md
2026-03-11 12:12:51,080 - FileSystemWatcher - INFO - Found 1 new item(s)
2026-03-11 12:12:51,085 - FileSystemWatcher - INFO - Created action file: FILE_20260311_121251_test.txt.md
2026-03-11 12:12:56,088 - FileSystemWatcher - INFO - Found 1 new item(s)
2026-03-11 12:12:56,090 - FileSystemWatcher - INFO - Created action file: FILE_20260311_121256_test.txt.md
2026-03-11 12:13:01,091 - FileSystemWatcher - INFO - Found 1 new item(s)
2026-03-11 12:13:01,094 - FileSystemWatcher - INFO - Created action file: FILE_20260311_121301_test.txt.md
2026-03-11 12:13:06,098 - FileSystemWatcher - INFO - Found 1 new item(s)
2026-03-11 12:13:06,101 - FileSystemWatcher - INFO - Created action file: FILE_20260311_121306_test.txt.md
2026-03-11 12:13:11,104 - FileSystemWatcher - INFO - Found 1 new item(s)
2026-03-11 12:13:11,108 - FileSystemWatcher - INFO - Created action file: FILE_20260311_121311_test.txt.md
2026-03-11 12:13:16,206 - FileSystemWatcher - INFO - Found 1 new item(s)
2026-03-11 12:13:16,306 - FileSystemWatcher - INFO - Created action file: FILE_20260311_121316_test.txt.md
2026-03-11 12:13:21,326 - FileSystemWatcher - INFO - Found 1 new item(s)
2026-03-11 12:13:21,347 - FileSystemWatcher - INFO - Created action file: FILE_20260311_121321_test.txt.md
2026-03-11 12:13:26,355 - FileSystemWatcher - INFO - Found 1 new item(s)
2026-03-11 12:13:26,360 - FileSystemWatcher - INFO - Created action file: FILE_20260311_121326_test.txt.md
2026-03-11 12:13:31,367 - FileSystemWatcher - INFO - Found 1 new item(s)
2026-03-11 12:13:31,372 - FileSystemWatcher - INFO - Created action file: FILE_20260311_121331_test.txt.md
2026-03-11 12:13:36,380 - FileSystemWatcher - INFO - Found 1 new item(s)
2026-03-11 12:13:36,384 - FileSystemWatcher - INFO - Created action file: FILE_20260311_121336_test.txt.md
2026-03-11 12:13:41,390 - FileSystemWatcher - INFO - Found 1 new item(s)
2026-03-11 12:13:41,400 - FileSystemWatcher - INFO - Created action file: FILE_20260311_121341_test.txt.md
2026-03-11 12:13:46,403 - FileSystemWatcher - INFO - Found 1 new item(s)
2026-03-11 12:13:46,408 - FileSystemWatcher - INFO - Created action file: FILE_20260311_121346_test.txt.md
2026-03-11 12:13:51,413 - FileSystemWatcher - INFO - Found 1 new item(s)
2026-03-11 12:13:51,425 - FileSystemWatcher - INFO - Created action file: FILE_20260311_121351_test.txt.md
2026-03-11 12:13:56,431 - FileSystemWatcher - INFO - Found 1 new item(s)
2026-03-11 12:13:56,434 - FileSystemWatcher - INFO - Created action file: FILE_20260311_121356_test.txt.md
2026-03-11 12:14:01,437 - FileSystemWatcher - INFO - Found 1 new item(s)
2026-03-11 12:14:01,447 - FileSystemWatcher - INFO - Created action file: FILE_20260311_121401_test.txt.md
2026-03-11 12:14:06,454 - FileSystemWatcher - INFO - Found 1 new item(s)
2026-03-11 12:14:06,456 - FileSystemWatcher - INFO - Created action file: FILE_20260311_121406_test.txt.md
2026-03-11 12:14:11,457 - FileSystemWatcher - INFO - Found 1 new item(s)
2026-03-11 12:14:11,459 - FileSystemWatcher - INFO - Created action file: FILE_20260311_121411_test.txt.md
2026-03-11 12:14:16,461 - FileSystemWatcher - INFO - Found 1 new item(s)
2026-03-11 12:14:16,464 - FileSystemWatcher - INFO - Created action file: FILE_20260311_121416_test.txt.md
2026-03-11 12:14:21,467 - FileSystemWatcher - INFO - Found 1 new item(s)
2026-03-11 12:14:21,476 - FileSystemWatcher - INFO - Created action file: FILE_20260311_121421_test.txt.md
2026-03-11 12:14:26,478 - FileSystemWatcher - INFO - Found 1 new item(s)
2026-03-11 12:14:26,482 - FileSystemWatcher - INFO - Created action file: FILE_20260311_121426_test.txt.md
2026-03-11 12:14:31,484 - FileSystemWatcher - INFO - Found 1 new item(s)
2026-03-11 12:14:31,489 - FileSystemWatcher - INFO - Created action file: FILE_20260311_121431_test.txt.md
2026-03-11 12:14:36,492 - FileSystemWatcher - INFO - Found 1 new item(s)
2026-03-11 12:14:36,495 - FileSystemWatcher - INFO - Created action file: FILE_20260311_121436_test.txt.md
2026-03-11 12:14:41,497 - FileSystemWatcher - INFO - Found 1 new item(s)
2026-03-11 12:14:41,498 - FileSystemWatcher - INFO - Created action file: FILE_20260311_121441_test.txt.md
2026-03-11 12:14:46,501 - FileSystemWatcher - INFO - Found 1 new item(s)
2026-03-11 12:14:46,503 - FileSystemWatcher - INFO - Created action file: FILE_20260311_121446_test.txt.md
2026-03-11 12:14:51,505 - FileSystemWatcher - INFO - Found 1 new item(s)
2026-03-11 12:14:51,507 - FileSystemWatcher - INFO - Created action file: FILE_20260311_121451_test.txt.md
2026-03-11 12:14:56,509 - FileSystemWatcher - INFO - Found 1 new item(s)
2026-03-11 12:14:56,511 - FileSystemWatcher - INFO - Created action file: FILE_20260311_121456_test.txt.md
2026-03-11 12:15:01,515 - FileSystemWatcher - INFO - Found 1 new item(s)
2026-03-11 12:15:01,526 - FileSystemWatcher - INFO - Created action file: FILE_20260311_121501_test.txt.md
2026-03-11 12:15:06,590 - FileSystemWatcher - INFO - Found 1 new item(s)
2026-03-11 12:15:06,600 - FileSystemWatcher - INFO - Created action file: FILE_20260311_121506_test.txt.md
2026-03-11 12:15:11,606 - FileSystemWatcher - INFO - Found 1 new item(s)
2026-03-11 12:15:11,608 - FileSystemWatcher - INFO - Created action file: FILE_20260311_121511_test.txt.md
2026-03-11 12:15:16,611 - FileSystemWatcher - INFO - Found 1 new item(s)
2026-03-11 12:15:16,618 - FileSystemWatcher - INFO - Created action file: FILE_20260311_121516_test.txt.md
2026-03-11 12:15:21,621 - FileSystemWatcher - INFO - Found 1 new item(s)
2026-03-11 12:15:21,631 - FileSystemWatcher - INFO - Created action file: FILE_20260311_121521_test.txt.md
2026-03-11 12:15:26,634 - FileSystemWatcher - INFO - Found 1 new item(s)
2026-03-11 12:15:26,637 - FileSystemWatcher - INFO - Created action file: FILE_20260311_121526_test.txt.md
2026-03-11 12:15:31,639 - FileSystemWatcher - INFO - Found 1 new item(s)
2026-03-11 12:15:31,642 - FileSystemWatcher - INFO - Created action file: FILE_20260311_121531_test.txt.md
2026-03-11 12:15:36,645 - FileSystemWatcher - INFO - Found 1 new item(s)
2026-03-11 12:15:36,647 - FileSystemWatcher - INFO - Created action file: FILE_20260311_121536_test.txt.md
2026-03-11 12:15:41,650 - FileSystemWatcher - INFO - Found 1 new item(s)
2026-03-11 12:15:41,651 - FileSystemWatcher - INFO - Created action file: FILE_20260311_121541_test.txt.md
2026-03-11 12:15:46,654 - FileSystemWatcher - INFO - Found 1 new item(s)
2026-03-11 12:15:46,657 - FileSystemWatcher - INFO - Created action file: FILE_20260311_121546_test.txt.md
2026-03-11 12:15:51,661 - FileSystemWatcher - INFO - Found 1 new item(s)
2026-03-11 12:15:51,664 - FileSystemWatcher - INFO - Created action file: FILE_20260311_121551_test.txt.md
2026-03-11 12:15:56,668 - FileSystemWatcher - INFO - Found 1 new item(s)
2026-03-11 12:15:56,671 - FileSystemWatcher - INFO - Created action file: FILE_20260311_121556_test.txt.md
2026-03-11 12:16:01,674 - FileSystemWatcher - INFO - Found 1 new item(s)
2026-03-11 12:16:01,685 - FileSystemWatcher - INFO - Created action file: FILE_20260311_121601_test.txt.md
2026-03-11 12:16:06,687 - FileSystemWatcher - INFO - Found 1 new item(s)
2026-03-11 12:16:06,689 - FileSystemWatcher - INFO - Created action file: FILE_20260311_121606_test.txt.md
2026-03-11 12:16:11,691 - FileSystemWatcher - INFO - Found 1 new item(s)
2026-03-11 12:16:11,695 - FileSystemWatcher - INFO - Created action file: FILE_20260311_121611_test.txt.md
2026-03-11 12:16:16,697 - FileSystemWatcher - INFO - Found 1 new item(s)
2026-03-11 12:16:16,700 - FileSystemWatcher - INFO - Created action file: FILE_20260311_121616_test.txt.md
2026-03-11 12:16:21,702 - FileSystemWatcher - INFO - Found 1 new item(s)
2026-03-11 12:16:21,711 - FileSystemWatcher - INFO - Created action file: FILE_20260311_121621_test.txt.md
2026-03-11 12:16:26,713 - FileSystemWatcher - INFO - Found 1 new item(s)
2026-03-11 12:16:26,715 - FileSystemWatcher - INFO - Created action file: FILE_20260311_121626_test.txt.md
2026-03-11 12:16:31,718 - FileSystemWatcher - INFO - Found 1 new item(s)
2026-03-11 12:16:31,720 - FileSystemWatcher - INFO - Created action file: FILE_20260311_121631_test.txt.md
2026-03-11 12:16:36,723 - FileSystemWatcher - INFO - Found 1 new item(s)
2026-03-11 12:16:36,726 - FileSystemWatcher - INFO - Created action file: FILE_20260311_121636_test.txt.md
2026-03-11 12:16:41,729 - FileSystemWatcher - INFO - Found 1 new item(s)
2026-03-11 12:16:41,733 - FileSystemWatcher - INFO - Created action file: FILE_20260311_121641_test.txt.md
2026-03-11 12:16:46,737 - FileSystemWatcher - INFO - Found 1 new item(s)
2026-03-11 12:16:46,740 - FileSystemWatcher - INFO - Created action file: FILE_20260311_121646_test.txt.md
2026-03-11 12:16:51,744 - FileSystemWatcher - INFO - Found 1 new item(s)
2026-03-11 12:16:51,745 - FileSystemWatcher - INFO - Created action file: FILE_20260311_121651_test.txt.md
2026-03-11 12:16:56,748 - FileSystemWatcher - INFO - Found 1 new item(s)
2026-03-11 12:16:56,750 - FileSystemWatcher - INFO - Created action file: FILE_20260311_121656_test.txt.md
2026-03-11 12:17:01,753 - FileSystemWatcher - INFO - Found 1 new item(s)
2026-03-11 12:17:01,763 - FileSystemWatcher - INFO - Created action file: FILE_20260311_121701_test.txt.md
2026-03-11 12:17:06,766 - FileSystemWatcher - INFO - Found 1 new item(s)
2026-03-11 12:17:06,769 - FileSystemWatcher - INFO - Created action file: FILE_20260311_121706_test.txt.md
2026-03-11 12:17:11,771 - FileSystemWatcher - INFO - Found 1 new item(s)
2026-03-11 12:17:11,773 - FileSystemWatcher - INFO - Created action file: FILE_20260311_121711_test.txt.md
2026-03-11 12:17:16,776 - FileSystemWatcher - INFO - Found 1 new item(s)
2026-03-11 12:17:16,779 - FileSystemWatcher - INFO - Created action file: FILE_20260311_121716_test.txt.md
2026-03-11 12:17:21,782 - FileSystemWatcher - INFO - Found 1 new item(s)
2026-03-11 12:17:21,793 - FileSystemWatcher - INFO - Created action file: FILE_20260311_121721_test.txt.md
2026-03-11 12:17:26,796 - FileSystemWatcher - INFO - Found 1 new item(s)
2026-03-11 12:17:26,798 - FileSystemWatcher - INFO - Created action file: FILE_20260311_121726_test.txt.md
2026-03-11 12:17:31,800 - FileSystemWatcher - INFO - Found 1 new item(s)
2026-03-11 12:17:31,801 - FileSystemWatcher - INFO - Created action file: FILE_20260311_121731_test.txt.md
2026-03-11 12:17:36,803 - FileSystemWatcher - INFO - Found 1 new item(s)
2026-03-11 12:17:36,804 - FileSystemWatcher - INFO - Created action file: FILE_20260311_121736_test.txt.md
2026-03-11 12:17:41,807 - FileSystemWatcher - INFO - Found 1 new item(s)
2026-03-11 12:17:41,810 - FileSystemWatcher - INFO - Created action file: FILE_20260311_121741_test.txt.md
2026-03-11 12:17:46,813 - FileSystemWatcher - INFO - Found 1 new item(s)
2026-03-11 12:17:46,817 - FileSystemWatcher - INFO - Created action file: FILE_20260311_121746_test.txt.md
2026-03-11 12:17:51,821 - FileSystemWatcher - INFO - Found 1 new item(s)
2026-03-11 12:17:51,825 - FileSystemWatcher - INFO - Created action file: FILE_20260311_121751_test.txt.md
2026-03-11 12:17:56,828 - FileSystemWatcher - INFO - Found 1 new item(s)
2026-03-11 12:17:56,831 - FileSystemWatcher - INFO - Created action file: FILE_20260311_121756_test.txt.md
2026-03-11 12:18:01,835 - FileSystemWatcher - INFO - Found 1 new item(s)
2026-03-11 12:18:01,852 - FileSystemWatcher - INFO - Created action file: FILE_20260311_121801_test.txt.md
2026-03-11 12:18:06,856 - FileSystemWatcher - INFO - Found 1 new item(s)
2026-03-11 12:18:06,858 - FileSystemWatcher - INFO - Created action file: FILE_20260311_121806_test.txt.md
2026-03-11 12:18:11,866 - FileSystemWatcher - INFO - Found 1 new item(s)
2026-03-11 12:18:11,869 - FileSystemWatcher - INFO - Created action file: FILE_20260311_121811_test.txt.md
2026-03-11 12:18:16,874 - FileSystemWatcher - INFO - Found 1 new item(s)
2026-03-11 12:18:16,877 - FileSystemWatcher - INFO - Created action file: FILE_20260311_121816_test.txt.md
2026-03-11 12:18:21,881 - FileSystemWatcher - INFO - Found 1 new item(s)
2026-03-11 12:18:21,889 - FileSystemWatcher - INFO - Created action file: FILE_20260311_121821_test.txt.md
2026-03-11 12:18:26,893 - FileSystemWatcher - INFO - Found 1 new item(s)
2026-03-11 12:18:26,896 - FileSystemWatcher - INFO - Created action file: FILE_20260311_121826_test.txt.md
2026-03-11 12:18:31,898 - FileSystemWatcher - INFO - Found 1 new item(s)
2026-03-11 12:18:31,908 - FileSystemWatcher - INFO - Created action file: FILE_20260311_121831_test.txt.md
2026-03-11 12:18:36,917 - FileSystemWatcher - INFO - Found 1 new item(s)
2026-03-11 12:18:36,920 - FileSystemWatcher - INFO - Created action file: FILE_20260311_121836_test.txt.md
2026-03-11 12:18:41,923 - FileSystemWatcher - INFO - Found 1 new item(s)
2026-03-11 12:18:41,927 - FileSystemWatcher - INFO - Created action file: FILE_20260311_121841_test.txt.md
2026-03-11 12:18:46,930 - FileSystemWatcher - INFO - Found 1 new item(s)
2026-03-11 12:18:46,931 - FileSystemWatcher - INFO - Created action file: FILE_20260311_121846_test.txt.md
2026-03-11 12:18:51,934 - FileSystemWatcher - INFO - Found 1 new item(s)
2026-03-11 12:18:51,936 - FileSystemWatcher - INFO - Created action file: FILE_20260311_121851_test.txt.md
2026-03-11 12:18:56,938 - FileSystemWatcher - INFO - Found 1 new item(s)
2026-03-11 12:18:56,940 - FileSystemWatcher - INFO - Created action file: FILE_20260311_121856_test.txt.md
2026-03-11 12:19:01,941 - FileSystemWatcher - INFO - Found 1 new item(s)
2026-03-11 12:19:01,950 - FileSystemWatcher - INFO - Created action file: FILE_20260311_121901_test.txt.md
2026-03-11 12:19:06,952 - FileSystemWatcher - INFO - Found 1 new item(s)
2026-03-11 12:19:06,955 - FileSystemWatcher - INFO - Created action file: FILE_20260311_121906_test.txt.md
2026-03-11 12:19:11,958 - FileSystemWatcher - INFO - Found 1 new item(s)
2026-03-11 12:19:11,960 - FileSystemWatcher - INFO - Created action file: FILE_20260311_121911_test.txt.md
2026-03-11 12:19:16,962 - FileSystemWatcher - INFO - Found 1 new item(s)
2026-03-11 12:19:16,964 - FileSystemWatcher - INFO - Created action file: FILE_20260311_121916_test.txt.md
2026-03-11 12:19:21,965 - FileSystemWatcher - INFO - Found 1 new item(s)
2026-03-11 12:19:21,975 - FileSystemWatcher - INFO - Created action file: FILE_20260311_121921_test.txt.md
2026-03-11 12:19:26,977 - FileSystemWatcher - INFO - Found 1 new item(s)
2026-03-11 12:19:26,979 - FileSystemWatcher - INFO - Created action file: FILE_20260311_121926_test.txt.md
2026-03-11 12:19:31,981 - FileSystemWatcher - INFO - Found 1 new item(s)
2026-03-11 12:19:31,983 - FileSystemWatcher - INFO - Created action file: FILE_20260311_121931_test.txt.md
2026-03-11 12:19:36,985 - FileSystemWatcher - INFO - Found 1 new item(s)
2026-03-11 12:19:36,986 - FileSystemWatcher - INFO - Created action file: FILE_20260311_121936_test.txt.md
2026-03-11 12:19:41,988 - FileSystemWatcher - INFO - Found 1 new item(s)
2026-03-11 12:19:41,990 - FileSystemWatcher - INFO - Created action file: FILE_20260311_121941_test.txt.md
2026-03-11 12:19:46,992 - FileSystemWatcher - INFO - Found 1 new item(s)
2026-03-11 12:19:46,994 - FileSystemWatcher - INFO - Created action file: FILE_20260311_121946_test.txt.md
2026-03-11 12:19:51,996 - FileSystemWatcher - INFO - Found 1 new item(s)
2026-03-11 12:19:51,999 - FileSystemWatcher - INFO - Created action file: FILE_20260311_121951_test.txt.md
2026-03-11 12:19:57,001 - FileSystemWatcher - INFO - Found 1 new item(s)
2026-03-11 12:19:57,002 - FileSystemWatcher - INFO - Created action file: FILE_20260311_121957_test.txt.md
2026-03-11 12:20:02,005 - FileSystemWatcher - INFO - Found 1 new item(s)
2026-03-11 12:20:02,013 - FileSystemWatcher - INFO - Created action file: FILE_20260311_122002_test.txt.md
2026-03-11 12:20:07,015 - FileSystemWatcher - INFO - Found 1 new item(s)
2026-03-11 12:20:07,017 - FileSystemWatcher - INFO - Created action file: FILE_20260311_122007_test.txt.md
2026-03-11 12:20:12,020 - FileSystemWatcher - INFO - Found 1 new item(s)
2026-03-11 12:20:12,024 - FileSystemWatcher - INFO - Created action file: FILE_20260311_122012_test.txt.md
2026-03-11 12:20:17,030 - FileSystemWatcher - INFO - Found 1 new item(s)
2026-03-11 12:20:17,031 - FileSystemWatcher - INFO - Created action file: FILE_20260311_122017_test.txt.md
2026-03-11 12:20:22,034 - FileSystemWatcher - INFO - Found 1 new item(s)
2026-03-11 12:20:22,043 - FileSystemWatcher - INFO - Created action file: FILE_20260311_122022_test.txt.md
2026-03-11 12:20:27,044 - FileSystemWatcher - INFO - Found 1 new item(s)
2026-03-11 12:20:27,046 - FileSystemWatcher - INFO - Created action file: FILE_20260311_122027_test.txt.md
2026-03-11 12:20:32,048 - FileSystemWatcher - INFO - Found 1 new item(s)
2026-03-11 12:20:32,050 - FileSystemWatcher - INFO - Created action file: FILE_20260311_122032_test.txt.md
2026-03-11 12:20:37,053 - FileSystemWatcher - INFO - Found 1 new item(s)
2026-03-11 12:20:37,056 - FileSystemWatcher - INFO - Created action file: FILE_20260311_122037_test.txt.md
2026-03-11 12:20:42,058 - FileSystemWatcher - INFO - Found 1 new item(s)
2026-03-11 12:20:42,062 - FileSystemWatcher - INFO - Created action file: FILE_20260311_122042_test.txt.md
2026-03-11 12:20:47,065 - FileSystemWatcher - INFO - Found 1 new item(s)
2026-03-11 12:20:47,066 - FileSystemWatcher - INFO - Created action file: FILE_20260311_122047_test.txt.md
2026-03-11 12:20:52,069 - FileSystemWatcher - INFO - Found 1 new item(s)
2026-03-11 12:20:52,078 - FileSystemWatcher - INFO - Created action file: FILE_20260311_122052_test.txt.md
2026-03-11 12:20:57,081 - FileSystemWatcher - INFO - Found 1 new item(s)
2026-03-11 12:20:57,082 - FileSystemWatcher - INFO - Created action file: FILE_20260311_122057_test.txt.md
2026-03-11 12:21:02,086 - FileSystemWatcher - INFO - Found 1 new item(s)
2026-03-11 12:21:02,099 - FileSystemWatcher - INFO - Created action file: FILE_20260311_122102_test.txt.md
2026-03-11 12:21:07,103 - FileSystemWatcher - INFO - Found 1 new item(s)
2026-03-11 12:21:07,106 - FileSystemWatcher - INFO - Created action file: FILE_20260311_122107_test.txt.md
2026-03-11 12:21:12,111 - FileSystemWatcher - INFO - Found 1 new item(s)
2026-03-11 12:21:12,114 - FileSystemWatcher - INFO - Created action file: FILE_20260311_122112_test.txt.md
2026-03-11 12:21:17,121 - FileSystemWatcher - INFO - Found 1 new item(s)
2026-03-11 12:21:17,124 - FileSystemWatcher - INFO - Created action file: FILE_20260311_122117_test.txt.md
2026-03-11 12:21:22,129 - FileSystemWatcher - INFO - Found 1 new item(s)
2026-03-11 12:21:22,138 - FileSystemWatcher - INFO - Created action file: FILE_20260311_122122_test.txt.md
2026-03-11 12:21:27,140 - FileSystemWatcher - INFO - Found 1 new item(s)
2026-03-11 12:21:27,141 - FileSystemWatcher - INFO - Created action file: FILE_20260311_122127_test.txt.md
2026-03-11 12:21:32,146 - FileSystemWatcher - INFO - Found 1 new item(s)
2026-03-11 12:21:32,149 - FileSystemWatcher - INFO - Created action file: FILE_20260311_122132_test.txt.md
2026-03-11 12:21:37,157 - FileSystemWatcher - INFO - Found 1 new item(s)
2026-03-11 12:21:37,161 - FileSystemWatcher - INFO - Created action file: FILE_20260311_122137_test.txt.md
2026-03-11 12:21:42,164 - FileSystemWatcher - INFO - Found 1 new item(s)
2026-03-11 12:21:42,168 - FileSystemWatcher - INFO - Created action file: FILE_20260311_122142_test.txt.md
2026-03-11 12:21:47,172 - FileSystemWatcher - INFO - Found 1 new item(s)
2026-03-11 12:21:47,173 - FileSystemWatcher - INFO - Created action file: FILE_20260311_122147_test.txt.md
2026-03-11 12:21:52,176 - FileSystemWatcher - INFO - Found 1 new item(s)
2026-03-11 12:21:52,179 - FileSystemWatcher - INFO - Created action file: FILE_20260311_122152_test.txt.md
2026-03-11 12:21:57,184 - FileSystemWatcher - INFO - Found 1 new item(s)
2026-03-11 12:21:57,185 - FileSystemWatcher - INFO - Created action file: FILE_20260311_122157_test.txt.md
2026-03-11 12:22:02,188 - FileSystemWatcher - INFO - Found 1 new item(s)
2026-03-11 12:22:02,203 - FileSystemWatcher - INFO - Created action file: FILE_20260311_122202_test.txt.md
2026-03-11 12:22:07,207 - FileSystemWatcher - INFO - Found 1 new item(s)
2026-03-11 12:22:07,209 - FileSystemWatcher - INFO - Created action file: FILE_20260311_122207_test.txt.md
2026-03-11 12:22:12,210 - FileSystemWatcher - INFO - Found 1 new item(s)
2026-03-11 12:22:12,212 - FileSystemWatcher - INFO - Created action file: FILE_20260311_122212_test.txt.md
2026-03-11 12:22:17,216 - FileSystemWatcher - INFO - Found 1 new item(s)
2026-03-11 12:22:17,220 - FileSystemWatcher - INFO - Created action file: FILE_20260311_122217_test.txt.md
2026-03-11 12:22:22,223 - FileSystemWatcher - INFO - Found 1 new item(s)
2026-03-11 12:22:22,226 - FileSystemWatcher - INFO - Created action file: FILE_20260311_122222_test.txt.md
2026-03-11 12:22:27,230 - FileSystemWatcher - INFO - Found 1 new item(s)
2026-03-11 12:22:27,231 - FileSystemWatcher - INFO - Created action file: FILE_20260311_122227_test.txt.md
2026-03-11 12:22:32,233 - FileSystemWatcher - INFO - Found 1 new item(s)
2026-03-11 12:22:32,234 - FileSystemWatcher - INFO - Created action file: FILE_20260311_122232_test.txt.md
2026-03-11 12:22:37,236 - FileSystemWatcher - INFO - Found 1 new item(s)
2026-03-11 12:22:37,238 - FileSystemWatcher - INFO - Created action file: FILE_20260311_122237_test.txt.md
2026-03-11 12:22:42,244 - FileSystemWatcher - INFO - Found 1 new item(s)
2026-03-11 12:22:42,250 - FileSystemWatcher - INFO - Created action file: FILE_20260311_122242_test.txt.md
2026-03-11 12:22:47,254 - FileSystemWatcher - INFO - Found 1 new item(s)
2026-03-11 12:22:47,257 - FileSystemWatcher - INFO - Created action file: FILE_20260311_122247_test.txt.md
2026-03-11 12:22:48,309 - FileSystemWatcher - INFO - FileSystemWatcher stopped by user
2026-03-11 12:24:04,976 - FileSystemWatcher - INFO - Starting FileSystemWatcher
2026-03-11 12:24:04,981 - FileSystemWatcher - INFO - Vault path: AI_Employee_Vault
2026-03-11 12:24:04,982 - FileSystemWatcher - INFO - Check interval: 5s
2026-03-11 12:24:04,984 - FileSystemWatcher - INFO - Found 1 new item(s)
2026-03-11 12:24:04,986 - FileSystemWatcher - INFO - Created action file: FILE_20260311_122404_test.txt.md
2026-03-11 12:24:09,991 - FileSystemWatcher - INFO - Found 1 new item(s)
2026-03-11 12:24:09,994 - FileSystemWatcher - INFO - Created action file: FILE_20260311_122409_test.txt.md
2026-03-11 12:24:14,998 - FileSystemWatcher - INFO - Found 1 new item(s)
2026-03-11 12:24:15,002 - FileSystemWatcher - INFO - Created action file: FILE_20260311_122414_test.txt.md
2026-03-11 12:24:20,018 - FileSystemWatcher - INFO - Found 1 new item(s)
2026-03-11 12:24:20,022 - FileSystemWatcher - INFO - Created action file: FILE_20260311_122420_test.txt.md
2026-03-11 12:24:25,027 - FileSystemWatcher - INFO - Found 1 new item(s)
2026-03-11 12:24:25,030 - FileSystemWatcher - INFO - Created action file: FILE_20260311_122425_test.txt.md
2026-03-11 12:24:26,097 - FileSystemWatcher - INFO - FileSystemWatcher stopped by user
2026-03-11 12:26:45,963 - FileSystemWatcher - INFO - Starting FileSystemWatcher
2026-03-11 12:26:45,963 - FileSystemWatcher - INFO - Vault path: AI_Employee_Vault
2026-03-11 12:26:45,964 - FileSystemWatcher - INFO - Check interval: 5s
2026-03-11 12:29:05,995 - FileSystemWatcher - INFO - Found 1 new item(s)
2026-03-11 12:29:06,001 - FileSystemWatcher - INFO - Created action file: FILE_20260311_122906_test.txt.md
2026-03-11 12:29:11,004 - FileSystemWatcher - INFO - Found 1 new item(s)
2026-03-11 12:29:11,007 - FileSystemWatcher - INFO - Created action file: FILE_20260311_122911_test.txt.md
2026-03-11 12:29:16,019 - FileSystemWatcher - INFO - Found 1 new item(s)
2026-03-11 12:29:16,023 - FileSystemWatcher - INFO - Created action file: FILE_20260311_122916_test.txt.md
2026-03-11 12:29:21,029 - FileSystemWatcher - INFO - Found 1 new item(s)
2026-03-11 12:29:21,030 - FileSystemWatcher - INFO - Created action file: FILE_20260311_122921_test.txt.md
2026-03-11 12:29:26,033 - FileSystemWatcher - INFO - Found 1 new item(s)
2026-03-11 12:29:26,034 - FileSystemWatcher - INFO - Created action file: FILE_20260311_122926_test.txt.md
2026-03-11 12:29:31,037 - FileSystemWatcher - INFO - Found 1 new item(s)
2026-03-11 12:29:31,038 - FileSystemWatcher - INFO - Created action file: FILE_20260311_122931_test.txt.md
2026-03-11 12:29:36,043 - FileSystemWatcher - INFO - Found 1 new item(s)
2026-03-11 12:29:36,045 - FileSystemWatcher - INFO - Created action file: FILE_20260311_122936_test.txt.md
2026-03-11 12:29:37,928 - FileSystemWatcher - INFO - FileSystemWatcher stopped by user
2026-03-11 12:36:45,275 - FileSystemWatcher - INFO - Starting FileSystemWatcher
2026-03-11 12:36:45,275 - FileSystemWatcher - INFO - Vault path: AI_Employee_Vault
2026-03-11 12:36:45,276 - FileSystemWatcher - INFO - Check interval: 5s
2026-03-11 12:37:15,282 - FileSystemWatcher - INFO - Found 1 new item(s)
2026-03-11 12:37:15,287 - FileSystemWatcher - INFO - Removed from drop folder: test_new.txt
2026-03-11 12:37:15,292 - FileSystemWatcher - INFO - Created action file: FILE_20260311_123715_test_new.txt.md
2026-03-11 13:30:55,292 - FileSystemWatcher - INFO - FileSystemWatcher stopped by user
